2017-02-08 22:20:55,661 CRIT Supervisor running as root (no user in config file)
2017-02-08 22:20:55,662 INFO supervisord started with pid 15086
2017-02-08 22:20:56,664 INFO spawned: 'mysqld' with pid 15089
2017-02-08 22:20:56,665 INFO spawned: 'apache2' with pid 15090
2017-02-08 22:20:56,714 INFO exited: apache2 (exit status 0; not expected)
2017-02-08 22:20:57,900 INFO success: mysqld entered RUNNING state, process has stayed up for > than 1 seconds (startsecs)
2017-02-08 22:20:57,901 INFO spawned: 'apache2' with pid 15103
2017-02-08 22:20:57,923 INFO exited: apache2 (exit status 0; not expected)
2017-02-08 22:20:59,926 INFO spawned: 'apache2' with pid 15104
2017-02-08 22:20:59,948 INFO exited: apache2 (exit status 0; not expected)
2017-02-08 22:21:02,952 INFO spawned: 'apache2' with pid 15105
2017-02-08 22:21:02,974 INFO exited: apache2 (exit status 0; not expected)
2017-02-08 22:21:03,974 INFO gave up: apache2 entered FATAL state, too many start retries too quickly
2017-02-08 22:21:23,173 WARN received SIGINT indicating exit request
2017-02-08 22:21:23,173 INFO waiting for mysqld to die
2017-02-08 22:21:26,177 INFO waiting for mysqld to die
2017-02-08 22:21:29,181 INFO waiting for mysqld to die
2017-02-08 22:21:32,184 INFO waiting for mysqld to die
2017-02-08 22:21:34,187 WARN killing 'mysqld' (15089) with SIGKILL
2017-02-08 22:21:34,208 INFO stopped: mysqld (terminated by SIGKILL)
